<?xml version="1.0" encoding="UTF-8"?>
<testng-results skipped="0" failed="1" ignored="0" total="6" passed="5">
  <reporter-output>
  </reporter-output>
  <suite name="EbayProject by packages" duration-ms="113816" started-at="2019-06-06T21:53:10Z" finished-at="2019-06-06T21:55:03Z">
    <groups>
    </groups>
    <test name="com.qa.ebay.testcases" duration-ms="113816" started-at="2019-06-06T21:53:10Z" finished-at="2019-06-06T21:55:03Z">
      <class name="com.qa.ebay.testcases.HomePageTest">
        <test-method status="PASS" signature="setUp()[pri:0, instance:com.qa.ebay.testcases.HomePageTest@2b552920]" name="setUp" is-config="true" duration-ms="11700" started-at="2019-06-06T21:53:10Z" finished-at="2019-06-06T21:53:21Z">
          <reporter-output>
          </reporter-output>
        </test-method> <!-- setUp -->
        <test-method status="FAIL" signature="dropDownTest()[pri:1, instance:com.qa.ebay.testcases.HomePageTest@2b552920]" name="dropDownTest" duration-ms="5020" started-at="2019-06-06T21:53:21Z" finished-at="2019-06-06T21:53:26Z">
          <exception class="java.lang.AssertionError">
            <message>
              <![CDATA[Both list are not in same order expected [true] but found [false]]]>
            </message>
            <full-stacktrace>
              <![CDATA[java.lang.AssertionError: Both list are not in same order expected [true] but found [false]
at org.testng.Assert.fail(Assert.java:96)
at org.testng.Assert.failNotEquals(Assert.java:776)
at org.testng.Assert.assertTrue(Assert.java:44)
at com.qa.ebay.testcases.HomePageTest.dropDownTest(HomePageTest.java:42)
at sun.reflect.NativeMethodAccessorImpl.invoke0(Native Method)
at sun.reflect.NativeMethodAccessorImpl.invoke(Unknown Source)
at sun.reflect.DelegatingMethodAccessorImpl.invoke(Unknown Source)
at java.lang.reflect.Method.invoke(Unknown Source)
at org.testng.internal.MethodInvocationHelper.invokeMethod(MethodInvocationHelper.java:124)
at org.testng.internal.Invoker.invokeMethod(Invoker.java:583)
at org.testng.internal.Invoker.invokeTestMethod(Invoker.java:719)
at org.testng.internal.Invoker.invokeTestMethods(Invoker.java:989)
at org.testng.internal.TestMethodWorker.invokeTestMethods(TestMethodWorker.java:125)
at org.testng.internal.TestMethodWorker.run(TestMethodWorker.java:109)
at org.testng.TestRunner.privateRun(TestRunner.java:648)
at org.testng.TestRunner.run(TestRunner.java:505)
at org.testng.SuiteRunner.runTest(SuiteRunner.java:455)
at org.testng.SuiteRunner.runSequentially(SuiteRunner.java:450)
at org.testng.SuiteRunner.privateRun(SuiteRunner.java:415)
at org.testng.SuiteRunner.run(SuiteRunner.java:364)
at org.testng.SuiteRunnerWorker.runSuite(SuiteRunnerWorker.java:52)
at org.testng.SuiteRunnerWorker.run(SuiteRunnerWorker.java:84)
at org.testng.TestNG.runSuitesSequentially(TestNG.java:1208)
at org.testng.TestNG.runSuitesLocally(TestNG.java:1137)
at org.testng.TestNG.runSuites(TestNG.java:1049)
at org.testng.TestNG.run(TestNG.java:1017)
at org.testng.remote.AbstractRemoteTestNG.run(AbstractRemoteTestNG.java:115)
at org.testng.remote.RemoteTestNG.initAndRun(RemoteTestNG.java:251)
at org.testng.remote.RemoteTestNG.main(RemoteTestNG.java:77)
]]>
            </full-stacktrace>
          </exception> <!-- java.lang.AssertionError -->
          <reporter-output>
          </reporter-output>
        </test-method> <!-- dropDownTest -->
        <test-method status="PASS" signature="tearDown()[pri:0, instance:com.qa.ebay.testcases.HomePageTest@2b552920]" name="tearDown" is-config="true" duration-ms="4320" started-at="2019-06-06T21:53:26Z" finished-at="2019-06-06T21:53:31Z">
          <reporter-output>
          </reporter-output>
        </test-method> <!-- tearDown -->
        <test-method status="PASS" signature="setUp()[pri:0, instance:com.qa.ebay.testcases.HomePageTest@2b552920]" name="setUp" is-config="true" duration-ms="11995" started-at="2019-06-06T21:54:03Z" finished-at="2019-06-06T21:54:15Z">
          <reporter-output>
          </reporter-output>
        </test-method> <!-- setUp -->
        <test-method status="PASS" signature="titleTest()[pri:2, instance:com.qa.ebay.testcases.HomePageTest@2b552920]" name="titleTest" duration-ms="8440" started-at="2019-06-06T21:54:15Z" finished-at="2019-06-06T21:54:23Z">
          <reporter-output>
          </reporter-output>
        </test-method> <!-- titleTest -->
        <test-method status="PASS" signature="tearDown()[pri:0, instance:com.qa.ebay.testcases.HomePageTest@2b552920]" name="tearDown" is-config="true" duration-ms="2845" started-at="2019-06-06T21:54:23Z" finished-at="2019-06-06T21:54:26Z">
          <reporter-output>
          </reporter-output>
        </test-method> <!-- tearDown -->
      </class> <!-- com.qa.ebay.testcases.HomePageTest -->
      <class name="com.qa.ebay.testcases.RegistrationTest">
        <test-method status="PASS" signature="setUp()[pri:0, instance:com.qa.ebay.testcases.RegistrationTest@2758fe70]" name="setUp" is-config="true" duration-ms="17870" started-at="2019-06-06T21:53:31Z" finished-at="2019-06-06T21:53:48Z">
          <reporter-output>
          </reporter-output>
        </test-method> <!-- setUp -->
        <test-method status="PASS" signature="regBtnTest()[pri:1, instance:com.qa.ebay.testcases.RegistrationTest@2758fe70]" name="regBtnTest" duration-ms="64" started-at="2019-06-06T21:53:48Z" finished-at="2019-06-06T21:53:49Z">
          <reporter-output>
          </reporter-output>
        </test-method> <!-- regBtnTest -->
        <test-method status="PASS" signature="tearDown()[pri:0, instance:com.qa.ebay.testcases.RegistrationTest@2758fe70]" name="tearDown" is-config="true" duration-ms="2912" started-at="2019-06-06T21:53:49Z" finished-at="2019-06-06T21:53:51Z">
          <reporter-output>
          </reporter-output>
        </test-method> <!-- tearDown -->
        <test-method status="PASS" signature="setUp()[pri:0, instance:com.qa.ebay.testcases.RegistrationTest@2758fe70]" name="setUp" is-config="true" duration-ms="16579" started-at="2019-06-06T21:54:26Z" finished-at="2019-06-06T21:54:43Z">
          <reporter-output>
          </reporter-output>
        </test-method> <!-- setUp -->
        <test-method status="PASS" signature="vadidateRegTest()[pri:2, instance:com.qa.ebay.testcases.RegistrationTest@2758fe70]" name="vadidateRegTest" duration-ms="1840" started-at="2019-06-06T21:54:43Z" finished-at="2019-06-06T21:54:45Z">
          <reporter-output>
          </reporter-output>
        </test-method> <!-- vadidateRegTest -->
        <test-method status="PASS" signature="tearDown()[pri:0, instance:com.qa.ebay.testcases.RegistrationTest@2758fe70]" name="tearDown" is-config="true" duration-ms="2362" started-at="2019-06-06T21:54:45Z" finished-at="2019-06-06T21:54:47Z">
          <reporter-output>
          </reporter-output>
        </test-method> <!-- tearDown -->
      </class> <!-- com.qa.ebay.testcases.RegistrationTest -->
      <class name="com.qa.ebay.testcases.SignInPageTest">
        <test-method status="PASS" signature="setUp()[pri:0, instance:com.qa.ebay.testcases.SignInPageTest@1f36e637]" name="setUp" is-config="true" duration-ms="8109" started-at="2019-06-06T21:53:51Z" finished-at="2019-06-06T21:54:00Z">
          <reporter-output>
          </reporter-output>
        </test-method> <!-- setUp -->
        <test-method status="PASS" signature="validateImgPresentTest()[pri:1, instance:com.qa.ebay.testcases.SignInPageTest@1f36e637]" name="validateImgPresentTest" duration-ms="147" started-at="2019-06-06T21:54:00Z" finished-at="2019-06-06T21:54:00Z">
          <reporter-output>
          </reporter-output>
        </test-method> <!-- validateImgPresentTest -->
        <test-method status="PASS" signature="tearDown()[pri:0, instance:com.qa.ebay.testcases.SignInPageTest@1f36e637]" name="tearDown" is-config="true" duration-ms="3124" started-at="2019-06-06T21:54:00Z" finished-at="2019-06-06T21:54:03Z">
          <reporter-output>
          </reporter-output>
        </test-method> <!-- tearDown -->
        <test-method status="PASS" signature="setUp()[pri:0, instance:com.qa.ebay.testcases.SignInPageTest@1f36e637]" name="setUp" is-config="true" duration-ms="8586" started-at="2019-06-06T21:54:47Z" finished-at="2019-06-06T21:54:55Z">
          <reporter-output>
          </reporter-output>
        </test-method> <!-- setUp -->
        <test-method status="PASS" signature="validatesingIn()[pri:2, instance:com.qa.ebay.testcases.SignInPageTest@1f36e637]" name="validatesingIn" duration-ms="3607" started-at="2019-06-06T21:54:55Z" finished-at="2019-06-06T21:54:59Z">
          <reporter-output>
          </reporter-output>
        </test-method> <!-- validatesingIn -->
        <test-method status="PASS" signature="tearDown()[pri:0, instance:com.qa.ebay.testcases.SignInPageTest@1f36e637]" name="tearDown" is-config="true" duration-ms="4244" started-at="2019-06-06T21:54:59Z" finished-at="2019-06-06T21:55:03Z">
          <reporter-output>
          </reporter-output>
        </test-method> <!-- tearDown -->
      </class> <!-- com.qa.ebay.testcases.SignInPageTest -->
    </test> <!-- com.qa.ebay.testcases -->
  </suite> <!-- EbayProject by packages -->
</testng-results>
